{"content": {"suites": {"0": {"status": {"total_pass": 2, "total_skip": 1, "total_xpass": 0, "total_xfail": 0, "total_rerun": 0, "total_fail": 2, "total_error": 0}, "tests": {"0": {"status": "PASS", "message": "", "test_name": "test_sum", "rerun": "0"}, "1": {"status": "FAIL", "message": "   AssertionError: Not as expected\n   assert (2 + 2) == 7\n", "test_name": "test_sum_failed", "rerun": "0"}, "2": {"status": "SKIP", "message": "('C:\\\\Users\\\\b\\\\PycharmProjects\\\\pythonProject2\\\\tests\\\\test_math.py', 13, 'Skipped: TEST SKIP BLA')\n", "test_name": "test_skip", "rerun": "0"}, "3": {"status": "FAIL", "message": "   Exception: TESTS\n", "test_name": "test_error", "rerun": "0"}, "4": {"status": "PASS", "message": "", "test_name": "test_screenshot", "rerun": "0"}}, "suite_name": "test_math.py"}}}, "date": "June 30, 2022", "start_time": 1656607798.5874732, "total_suite": 1, "status": "FAIL", "status_list": {"pass": "2", "fail": "2", "skip": "1", "error": "0", "xpass": "0", "xfail": "0", "rerun": "0"}, "total_tests": "5"}